<?xml version="1.0" encoding="UTF-8"?>
<!-- Generated by org.testng.reporters.JUnitXMLReporter -->
<testsuite ignored="0" hostname="DESKTOP-UNKIUAD" failures="4" tests="6" name="ValidLoginTest" time="83.686" errors="0" timestamp="2024-01-27T01:23:41 IST">
  <testcase classname="seleniumassignments.OrangeHRMTest" name="loginTest" time="4.195"/>
  <testcase classname="seleniumassignments.OrangeHRMTest" name="loginTest" time="3.56">
    <failure type="java.lang.AssertionError" message="null">
      <![CDATA[java.lang.AssertionError: null
at seleniumassignments.OrangeHRMTest.loginTest(OrangeHRMTest.java:71)
at java.base/java.util.ArrayList.forEach(ArrayList.java:1511)
... Removed 29 stack frames]]>
    </failure>
  </testcase> <!-- loginTest -->
  <testcase classname="seleniumassignments.OrangeHRMTest" name="loginTest" time="2.637">
    <failure type="java.lang.AssertionError" message="null">
      <![CDATA[java.lang.AssertionError: null
at seleniumassignments.OrangeHRMTest.loginTest(OrangeHRMTest.java:71)
at java.base/java.util.ArrayList.forEach(ArrayList.java:1511)
... Removed 29 stack frames]]>
    </failure>
  </testcase> <!-- loginTest -->
  <testcase classname="seleniumassignments.OrangeHRMTest" name="loginTest" time="2.994">
    <failure type="java.lang.AssertionError" message="null">
      <![CDATA[java.lang.AssertionError: null
at seleniumassignments.OrangeHRMTest.loginTest(OrangeHRMTest.java:71)
at java.base/java.util.ArrayList.forEach(ArrayList.java:1511)
... Removed 29 stack frames]]>
    </failure>
  </testcase> <!-- loginTest -->
  <testcase classname="seleniumassignments.OrangeHRMTest" name="loginTest" time="3.437">
    <failure type="java.lang.AssertionError" message="null">
      <![CDATA[java.lang.AssertionError: null
at seleniumassignments.OrangeHRMTest.loginTest(OrangeHRMTest.java:71)
at java.base/java.util.ArrayList.forEach(ArrayList.java:1511)
... Removed 29 stack frames]]>
    </failure>
  </testcase> <!-- loginTest -->
  <testcase classname="seleniumassignments.OrangeHRMTest" name="logoutTest" time="0.0">
    <skipped/>
  </testcase> <!-- logoutTest -->
</testsuite> <!-- ValidLoginTest -->
